<?xml version="1.0" encoding="UTF-8"?>
<!-- Generated by org.testng.reporters.JUnitReportReporter -->
<testsuite hostname="DESKTOP-KAVU4CP" failures="0" tests="1" name="entrada.cloud.portal.tests.MercuryRegisterPageTest" time="52.149" errors="0" timestamp="2020-08-27T14:55:45 IST" skipped="0">
  <testcase classname="entrada.cloud.portal.tests.MercuryRegisterPageTest" name="testRegisterSuccess" time="52.149"/>
  <system-out>
Element locator :By.xpath: //font[contains(text(),'Thank you for registering.')] <b style="color:#0000FF";>info:=</b><b>AssertEquals:=</b>Verify registrations is successful, <b style="color:#800000";>Expected:=</b>true<b style="color:#FF00FF";> Actual:=</b>true<p><hr></hr> <b>AssertEquals:=</b>Verify registrations is successful, <b style="color:#800000";>Expected:=</b>true<b style="color:#FF00FF";> Actual:=</b>true <b style="color:#008000">Pass: AssertEquals:=Verify registrations is successful Expected:=true Actual:=true</b><hr>  </system-out>
</testsuite> <!-- entrada.cloud.portal.tests.MercuryRegisterPageTest -->
