<?xml version="1.0" encoding="UTF-8"?>
<!-- Generated by org.testng.reporters.JUnitReportReporter -->
<testsuite hostname="DESKTOP-KAVU4CP" failures="0" tests="2" name="entrada.cloud.portal.tests.MercuryHomePageTest" time="102.286" errors="0" timestamp="2020-08-27T12:57:09 IST" skipped="0">
  <testcase classname="entrada.cloud.portal.tests.MercuryHomePageTest" name="testHeaderLinks" time="44.070"/>
  <system-out/>
  <testcase classname="entrada.cloud.portal.tests.MercuryHomePageTest" name="testNavigationBarLinks" time="58.216"/>
  <system-out/>
</testsuite> <!-- entrada.cloud.portal.tests.MercuryHomePageTest -->
